mode: set
github.com/bmorphism/vibespace-mcp-go/streaming/access_control.go:8.69,10.71 1 0
github.com/bmorphism/vibespace-mcp-go/streaming/access_control.go:10.71,13.3 1 0
github.com/bmorphism/vibespace-mcp-go/streaming/access_control.go:16.2,16.29 1 0
github.com/bmorphism/vibespace-mcp-go/streaming/access_control.go:16.29,18.3 1 0
github.com/bmorphism/vibespace-mcp-go/streaming/access_control.go:21.2,21.32 1 0
github.com/bmorphism/vibespace-mcp-go/streaming/access_control.go:21.32,23.3 1 0
github.com/bmorphism/vibespace-mcp-go/streaming/access_control.go:26.2,26.58 1 0
github.com/bmorphism/vibespace-mcp-go/streaming/access_control.go:26.58,27.28 1 0
github.com/bmorphism/vibespace-mcp-go/streaming/access_control.go:27.28,29.4 1 0
github.com/bmorphism/vibespace-mcp-go/streaming/access_control.go:33.2,33.14 1 0
github.com/bmorphism/vibespace-mcp-go/streaming/access_control.go:38.90,40.37 1 0
github.com/bmorphism/vibespace-mcp-go/streaming/access_control.go:40.37,42.3 1 0
github.com/bmorphism/vibespace-mcp-go/streaming/access_control.go:45.2,45.32 1 0
github.com/bmorphism/vibespace-mcp-go/streaming/access_control.go:45.32,47.3 1 0
github.com/bmorphism/vibespace-mcp-go/streaming/access_control.go:50.2,53.37 2 0
github.com/bmorphism/vibespace-mcp-go/streaming/access_control.go:54.31,61.25 5 0
github.com/bmorphism/vibespace-mcp-go/streaming/access_control.go:61.25,66.4 3 0
github.com/bmorphism/vibespace-mcp-go/streaming/access_control.go:68.34,72.31 2 0
github.com/bmorphism/vibespace-mcp-go/streaming/access_control.go:72.31,75.56 1 0
github.com/bmorphism/vibespace-mcp-go/streaming/access_control.go:75.56,77.5 1 0
github.com/bmorphism/vibespace-mcp-go/streaming/access_control.go:81.31,81.31 0 0
github.com/bmorphism/vibespace-mcp-go/streaming/access_control.go:85.2,85.16 1 0
github.com/bmorphism/vibespace-mcp-go/streaming/moment_generator.go:15.68,19.2 1 0
github.com/bmorphism/vibespace-mcp-go/streaming/moment_generator.go:22.87,25.16 2 0
github.com/bmorphism/vibespace-mcp-go/streaming/moment_generator.go:25.16,27.3 1 0
github.com/bmorphism/vibespace-mcp-go/streaming/moment_generator.go:30.2,32.16 3 0
github.com/bmorphism/vibespace-mcp-go/streaming/moment_generator.go:32.16,36.3 2 0
github.com/bmorphism/vibespace-mcp-go/streaming/moment_generator.go:39.2,44.20 4 0
github.com/bmorphism/vibespace-mcp-go/streaming/moment_generator.go:44.20,46.3 1 0
github.com/bmorphism/vibespace-mcp-go/streaming/moment_generator.go:49.2,54.67 2 0
github.com/bmorphism/vibespace-mcp-go/streaming/moment_generator.go:54.67,61.3 1 0
github.com/bmorphism/vibespace-mcp-go/streaming/moment_generator.go:63.2,77.20 2 0
github.com/bmorphism/vibespace-mcp-go/streaming/moment_generator.go:81.79,86.19 2 0
github.com/bmorphism/vibespace-mcp-go/streaming/moment_generator.go:86.19,88.3 1 0
github.com/bmorphism/vibespace-mcp-go/streaming/moment_generator.go:90.2,93.31 2 0
github.com/bmorphism/vibespace-mcp-go/streaming/moment_generator.go:93.31,95.17 2 0
github.com/bmorphism/vibespace-mcp-go/streaming/moment_generator.go:95.17,96.12 1 0
github.com/bmorphism/vibespace-mcp-go/streaming/moment_generator.go:98.3,98.36 1 0
github.com/bmorphism/vibespace-mcp-go/streaming/moment_generator.go:101.2,101.21 1 0
github.com/bmorphism/vibespace-mcp-go/streaming/moment_generator.go:110.41,112.2 1 0
github.com/bmorphism/vibespace-mcp-go/streaming/moment_generator.go:115.52,121.20 2 0
github.com/bmorphism/vibespace-mcp-go/streaming/moment_generator.go:121.20,123.3 1 0
github.com/bmorphism/vibespace-mcp-go/streaming/moment_generator.go:125.2,125.17 1 0
github.com/bmorphism/vibespace-mcp-go/streaming/nats_client.go:36.73,44.2 1 1
github.com/bmorphism/vibespace-mcp-go/streaming/nats_client.go:47.41,54.61 5 0
github.com/bmorphism/vibespace-mcp-go/streaming/nats_client.go:54.61,59.29 3 0
github.com/bmorphism/vibespace-mcp-go/streaming/nats_client.go:59.29,61.4 1 0
github.com/bmorphism/vibespace-mcp-go/streaming/nats_client.go:62.3,62.21 1 0
github.com/bmorphism/vibespace-mcp-go/streaming/nats_client.go:66.2,66.18 1 0
github.com/bmorphism/vibespace-mcp-go/streaming/nats_client.go:66.18,69.3 2 0
github.com/bmorphism/vibespace-mcp-go/streaming/nats_client.go:71.2,71.14 1 0
github.com/bmorphism/vibespace-mcp-go/streaming/nats_client.go:89.44,103.2 2 1
github.com/bmorphism/vibespace-mcp-go/streaming/nats_client.go:106.73,110.2 3 0
github.com/bmorphism/vibespace-mcp-go/streaming/nats_client.go:116.38,120.58 3 1
github.com/bmorphism/vibespace-mcp-go/streaming/nats_client.go:120.58,122.3 1 1
github.com/bmorphism/vibespace-mcp-go/streaming/nats_client.go:125.2,125.19 1 1
github.com/bmorphism/vibespace-mcp-go/streaming/nats_client.go:125.19,128.3 2 1
github.com/bmorphism/vibespace-mcp-go/streaming/nats_client.go:131.2,143.76 3 1
github.com/bmorphism/vibespace-mcp-go/streaming/nats_client.go:143.76,148.4 4 0
github.com/bmorphism/vibespace-mcp-go/streaming/nats_client.go:151.60,158.4 6 0
github.com/bmorphism/vibespace-mcp-go/streaming/nats_client.go:161.45,168.4 5 0
github.com/bmorphism/vibespace-mcp-go/streaming/nats_client.go:171.42,176.4 4 0
github.com/bmorphism/vibespace-mcp-go/streaming/nats_client.go:179.2,179.16 1 1
github.com/bmorphism/vibespace-mcp-go/streaming/nats_client.go:179.16,182.3 2 1
github.com/bmorphism/vibespace-mcp-go/streaming/nats_client.go:184.2,189.12 3 1
github.com/bmorphism/vibespace-mcp-go/streaming/nats_client.go:193.30,197.19 3 0
github.com/bmorphism/vibespace-mcp-go/streaming/nats_client.go:197.19,199.3 1 0
github.com/bmorphism/vibespace-mcp-go/streaming/nats_client.go:200.2,200.21 1 0
github.com/bmorphism/vibespace-mcp-go/streaming/nats_client.go:205.113,207.28 1 0
github.com/bmorphism/vibespace-mcp-go/streaming/nats_client.go:207.28,209.3 1 0
github.com/bmorphism/vibespace-mcp-go/streaming/nats_client.go:212.2,212.26 1 0
github.com/bmorphism/vibespace-mcp-go/streaming/nats_client.go:212.26,214.3 1 0
github.com/bmorphism/vibespace-mcp-go/streaming/nats_client.go:216.2,216.20 1 0
github.com/bmorphism/vibespace-mcp-go/streaming/nats_client.go:221.98,225.26 2 0
github.com/bmorphism/vibespace-mcp-go/streaming/nats_client.go:225.26,227.3 1 0
github.com/bmorphism/vibespace-mcp-go/streaming/nats_client.go:231.2,238.16 4 0
github.com/bmorphism/vibespace-mcp-go/streaming/nats_client.go:238.16,240.3 1 0
github.com/bmorphism/vibespace-mcp-go/streaming/nats_client.go:243.2,243.29 1 0
github.com/bmorphism/vibespace-mcp-go/streaming/nats_client.go:243.29,245.3 1 0
github.com/bmorphism/vibespace-mcp-go/streaming/nats_client.go:246.2,249.60 2 0
github.com/bmorphism/vibespace-mcp-go/streaming/nats_client.go:249.60,251.40 1 0
github.com/bmorphism/vibespace-mcp-go/streaming/nats_client.go:251.40,252.12 1 0
github.com/bmorphism/vibespace-mcp-go/streaming/nats_client.go:256.3,257.28 2 0
github.com/bmorphism/vibespace-mcp-go/streaming/nats_client.go:257.28,258.12 1 0
github.com/bmorphism/vibespace-mcp-go/streaming/nats_client.go:262.3,266.17 3 0
github.com/bmorphism/vibespace-mcp-go/streaming/nats_client.go:266.17,268.12 2 0
github.com/bmorphism/vibespace-mcp-go/streaming/nats_client.go:271.3,271.39 1 0
github.com/bmorphism/vibespace-mcp-go/streaming/nats_client.go:274.2,274.22 1 0
github.com/bmorphism/vibespace-mcp-go/streaming/nats_client.go:278.90,280.22 1 0
github.com/bmorphism/vibespace-mcp-go/streaming/nats_client.go:280.22,282.3 1 0
github.com/bmorphism/vibespace-mcp-go/streaming/nats_client.go:285.2,285.33 1 0
github.com/bmorphism/vibespace-mcp-go/streaming/nats_client.go:285.33,287.3 1 0
github.com/bmorphism/vibespace-mcp-go/streaming/nats_client.go:290.2,291.16 2 0
github.com/bmorphism/vibespace-mcp-go/streaming/nats_client.go:291.16,293.3 1 0
github.com/bmorphism/vibespace-mcp-go/streaming/nats_client.go:296.2,296.101 1 0
github.com/bmorphism/vibespace-mcp-go/streaming/nats_client.go:296.101,299.59 1 0
github.com/bmorphism/vibespace-mcp-go/streaming/nats_client.go:299.59,301.4 1 0
github.com/bmorphism/vibespace-mcp-go/streaming/nats_client.go:305.2,305.47 1 0
github.com/bmorphism/vibespace-mcp-go/streaming/nats_client.go:305.47,310.39 2 0
github.com/bmorphism/vibespace-mcp-go/streaming/nats_client.go:310.39,316.4 1 0
github.com/bmorphism/vibespace-mcp-go/streaming/nats_client.go:320.2,321.16 2 0
github.com/bmorphism/vibespace-mcp-go/streaming/nats_client.go:321.16,323.3 1 0
github.com/bmorphism/vibespace-mcp-go/streaming/nats_client.go:325.2,329.35 3 0
github.com/bmorphism/vibespace-mcp-go/streaming/nats_client.go:329.35,331.3 1 0
github.com/bmorphism/vibespace-mcp-go/streaming/nats_client.go:334.2,335.41 2 0
github.com/bmorphism/vibespace-mcp-go/streaming/nats_client.go:335.41,336.55 1 0
github.com/bmorphism/vibespace-mcp-go/streaming/nats_client.go:336.55,338.4 1 0
github.com/bmorphism/vibespace-mcp-go/streaming/nats_client.go:339.3,339.17 1 0
github.com/bmorphism/vibespace-mcp-go/streaming/nats_client.go:343.2,345.12 2 0
github.com/bmorphism/vibespace-mcp-go/streaming/nats_client.go:350.99,352.19 1 0
github.com/bmorphism/vibespace-mcp-go/streaming/nats_client.go:352.19,354.3 1 0
github.com/bmorphism/vibespace-mcp-go/streaming/nats_client.go:356.2,356.17 1 0
github.com/bmorphism/vibespace-mcp-go/streaming/nats_client.go:356.17,358.3 1 0
github.com/bmorphism/vibespace-mcp-go/streaming/nats_client.go:361.2,365.16 3 0
github.com/bmorphism/vibespace-mcp-go/streaming/nats_client.go:365.16,367.3 1 0
github.com/bmorphism/vibespace-mcp-go/streaming/nats_client.go:369.2,369.27 1 0
github.com/bmorphism/vibespace-mcp-go/streaming/nats_client.go:373.81,375.22 1 0
github.com/bmorphism/vibespace-mcp-go/streaming/nats_client.go:375.22,377.3 1 0
github.com/bmorphism/vibespace-mcp-go/streaming/nats_client.go:380.2,380.33 1 0
github.com/bmorphism/vibespace-mcp-go/streaming/nats_client.go:380.33,382.3 1 0
github.com/bmorphism/vibespace-mcp-go/streaming/nats_client.go:385.2,386.16 2 0
github.com/bmorphism/vibespace-mcp-go/streaming/nats_client.go:386.16,388.3 1 0
github.com/bmorphism/vibespace-mcp-go/streaming/nats_client.go:390.2,394.35 3 0
github.com/bmorphism/vibespace-mcp-go/streaming/nats_client.go:394.35,396.3 1 0
github.com/bmorphism/vibespace-mcp-go/streaming/nats_client.go:399.2,400.16 2 0
github.com/bmorphism/vibespace-mcp-go/streaming/nats_client.go:400.16,402.3 1 0
github.com/bmorphism/vibespace-mcp-go/streaming/nats_client.go:405.2,407.12 2 0
github.com/bmorphism/vibespace-mcp-go/streaming/nats_client.go:411.41,415.2 3 1
github.com/bmorphism/vibespace-mcp-go/streaming/nats_client.go:431.61,443.24 4 1
github.com/bmorphism/vibespace-mcp-go/streaming/nats_client.go:443.24,445.3 1 1
github.com/bmorphism/vibespace-mcp-go/streaming/nats_client.go:448.2,448.34 1 1
github.com/bmorphism/vibespace-mcp-go/streaming/nats_client.go:448.34,453.43 3 1
github.com/bmorphism/vibespace-mcp-go/streaming/nats_client.go:453.43,455.4 1 1
github.com/bmorphism/vibespace-mcp-go/streaming/nats_client.go:458.2,458.15 1 1
github.com/bmorphism/vibespace-mcp-go/streaming/nats_mock.go:29.42,37.2 1 1
github.com/bmorphism/vibespace-mcp-go/streaming/nats_mock.go:40.53,44.2 3 0
github.com/bmorphism/vibespace-mcp-go/streaming/nats_mock.go:47.59,51.2 3 0
github.com/bmorphism/vibespace-mcp-go/streaming/nats_mock.go:54.57,58.2 3 0
github.com/bmorphism/vibespace-mcp-go/streaming/nats_mock.go:61.42,65.27 3 1
github.com/bmorphism/vibespace-mcp-go/streaming/nats_mock.go:65.27,67.3 1 0
github.com/bmorphism/vibespace-mcp-go/streaming/nats_mock.go:69.2,71.12 3 1
github.com/bmorphism/vibespace-mcp-go/streaming/nats_mock.go:75.34,79.2 3 0
github.com/bmorphism/vibespace-mcp-go/streaming/nats_mock.go:82.94,86.33 3 0
github.com/bmorphism/vibespace-mcp-go/streaming/nats_mock.go:86.33,88.3 1 0
github.com/bmorphism/vibespace-mcp-go/streaming/nats_mock.go:90.2,90.18 1 0
github.com/bmorphism/vibespace-mcp-go/streaming/nats_mock.go:90.18,92.3 1 0
github.com/bmorphism/vibespace-mcp-go/streaming/nats_mock.go:94.2,95.12 2 0
github.com/bmorphism/vibespace-mcp-go/streaming/nats_mock.go:99.85,103.31 3 0
github.com/bmorphism/vibespace-mcp-go/streaming/nats_mock.go:103.31,105.3 1 0
github.com/bmorphism/vibespace-mcp-go/streaming/nats_mock.go:107.2,107.18 1 0
github.com/bmorphism/vibespace-mcp-go/streaming/nats_mock.go:107.18,109.3 1 0
github.com/bmorphism/vibespace-mcp-go/streaming/nats_mock.go:111.2,112.12 2 0
github.com/bmorphism/vibespace-mcp-go/streaming/nats_mock.go:116.45,120.2 3 1
github.com/bmorphism/vibespace-mcp-go/streaming/nats_mock.go:123.65,128.24 4 0
github.com/bmorphism/vibespace-mcp-go/streaming/nats_mock.go:128.24,130.3 1 0
github.com/bmorphism/vibespace-mcp-go/streaming/nats_mock.go:132.2,139.3 1 0
github.com/bmorphism/vibespace-mcp-go/streaming/nats_mock.go:143.70,147.2 3 0
github.com/bmorphism/vibespace-mcp-go/streaming/nats_mock.go:150.70,154.2 3 0
github.com/bmorphism/vibespace-mcp-go/streaming/nats_mock.go:157.47,162.2 4 0
github.com/bmorphism/vibespace-mcp-go/streaming/nats_mock.go:165.46,170.2 4 0
github.com/bmorphism/vibespace-mcp-go/streaming/service.go:33.95,35.26 1 0
github.com/bmorphism/vibespace-mcp-go/streaming/service.go:35.26,37.3 1 0
github.com/bmorphism/vibespace-mcp-go/streaming/service.go:39.2,39.27 1 0
github.com/bmorphism/vibespace-mcp-go/streaming/service.go:39.27,41.3 1 0
github.com/bmorphism/vibespace-mcp-go/streaming/service.go:44.2,44.51 1 0
github.com/bmorphism/vibespace-mcp-go/streaming/service.go:44.51,46.3 1 0
github.com/bmorphism/vibespace-mcp-go/streaming/service.go:46.8,46.33 1 0
github.com/bmorphism/vibespace-mcp-go/streaming/service.go:46.33,49.3 1 0
github.com/bmorphism/vibespace-mcp-go/streaming/service.go:52.2,54.57 2 0
github.com/bmorphism/vibespace-mcp-go/streaming/service.go:59.130,68.2 1 0
github.com/bmorphism/vibespace-mcp-go/streaming/service.go:71.42,76.47 3 0
github.com/bmorphism/vibespace-mcp-go/streaming/service.go:76.47,78.3 1 0
github.com/bmorphism/vibespace-mcp-go/streaming/service.go:81.2,81.24 1 0
github.com/bmorphism/vibespace-mcp-go/streaming/service.go:81.24,83.3 1 0
github.com/bmorphism/vibespace-mcp-go/streaming/service.go:85.2,85.12 1 0
github.com/bmorphism/vibespace-mcp-go/streaming/service.go:89.35,94.23 3 0
github.com/bmorphism/vibespace-mcp-go/streaming/service.go:94.23,96.3 1 0
github.com/bmorphism/vibespace-mcp-go/streaming/service.go:99.2,99.22 1 0
github.com/bmorphism/vibespace-mcp-go/streaming/service.go:103.51,107.2 3 0
github.com/bmorphism/vibespace-mcp-go/streaming/service.go:110.51,111.23 1 0
github.com/bmorphism/vibespace-mcp-go/streaming/service.go:111.23,113.3 1 0
github.com/bmorphism/vibespace-mcp-go/streaming/service.go:116.2,116.33 1 0
github.com/bmorphism/vibespace-mcp-go/streaming/service.go:116.33,117.48 1 0
github.com/bmorphism/vibespace-mcp-go/streaming/service.go:117.48,119.4 1 0
github.com/bmorphism/vibespace-mcp-go/streaming/service.go:123.2,129.12 4 0
github.com/bmorphism/vibespace-mcp-go/streaming/service.go:133.44,137.2 3 0
github.com/bmorphism/vibespace-mcp-go/streaming/service.go:140.44,141.24 1 0
github.com/bmorphism/vibespace-mcp-go/streaming/service.go:141.24,143.3 1 0
github.com/bmorphism/vibespace-mcp-go/streaming/service.go:146.2,147.27 2 0
github.com/bmorphism/vibespace-mcp-go/streaming/service.go:151.44,155.6 3 0
github.com/bmorphism/vibespace-mcp-go/streaming/service.go:155.6,156.10 1 0
github.com/bmorphism/vibespace-mcp-go/streaming/service.go:157.19,160.18 2 0
github.com/bmorphism/vibespace-mcp-go/streaming/service.go:160.18,162.13 2 0
github.com/bmorphism/vibespace-mcp-go/streaming/service.go:166.4,166.35 1 0
github.com/bmorphism/vibespace-mcp-go/streaming/service.go:166.35,170.24 2 0
github.com/bmorphism/vibespace-mcp-go/streaming/service.go:170.24,172.6 1 0
github.com/bmorphism/vibespace-mcp-go/streaming/service.go:175.5,175.111 1 0
github.com/bmorphism/vibespace-mcp-go/streaming/service.go:175.111,182.6 1 0
github.com/bmorphism/vibespace-mcp-go/streaming/service.go:184.5,184.78 1 0
github.com/bmorphism/vibespace-mcp-go/streaming/service.go:184.78,186.6 1 0
github.com/bmorphism/vibespace-mcp-go/streaming/service.go:189.21,191.10 1 0
github.com/bmorphism/vibespace-mcp-go/streaming/service.go:197.83,202.33 3 0
github.com/bmorphism/vibespace-mcp-go/streaming/service.go:202.33,203.48 1 0
github.com/bmorphism/vibespace-mcp-go/streaming/service.go:203.48,205.4 1 0
github.com/bmorphism/vibespace-mcp-go/streaming/service.go:209.2,210.16 2 0
github.com/bmorphism/vibespace-mcp-go/streaming/service.go:210.16,212.3 1 0
github.com/bmorphism/vibespace-mcp-go/streaming/service.go:215.2,215.28 1 0
github.com/bmorphism/vibespace-mcp-go/streaming/service.go:215.28,217.3 1 0
github.com/bmorphism/vibespace-mcp-go/streaming/service.go:220.2,221.40 2 0
github.com/bmorphism/vibespace-mcp-go/streaming/service.go:221.40,222.23 1 0
github.com/bmorphism/vibespace-mcp-go/streaming/service.go:222.23,224.9 2 0
github.com/bmorphism/vibespace-mcp-go/streaming/service.go:228.2,228.17 1 0
github.com/bmorphism/vibespace-mcp-go/streaming/service.go:228.17,230.3 1 0
github.com/bmorphism/vibespace-mcp-go/streaming/service.go:233.2,233.108 1 0
github.com/bmorphism/vibespace-mcp-go/streaming/service.go:233.108,239.3 1 0
github.com/bmorphism/vibespace-mcp-go/streaming/service.go:242.2,242.72 1 0
github.com/bmorphism/vibespace-mcp-go/streaming/service.go:242.72,244.3 1 0
github.com/bmorphism/vibespace-mcp-go/streaming/service.go:246.2,246.12 1 0
github.com/bmorphism/vibespace-mcp-go/streaming/service.go:250.47,254.2 3 0
github.com/bmorphism/vibespace-mcp-go/streaming/service.go:257.87,262.33 3 0
github.com/bmorphism/vibespace-mcp-go/streaming/service.go:262.33,264.3 1 0
github.com/bmorphism/vibespace-mcp-go/streaming/service.go:267.2,267.70 1 0
github.com/bmorphism/vibespace-mcp-go/streaming/service.go:267.70,269.3 1 0
github.com/bmorphism/vibespace-mcp-go/streaming/service.go:271.2,271.12 1 0
github.com/bmorphism/vibespace-mcp-go/streaming/service_test_with_mock.go:13.49,54.53 11 0
github.com/bmorphism/vibespace-mcp-go/streaming/service_test_with_mock.go:54.53,70.3 6 0
github.com/bmorphism/vibespace-mcp-go/streaming/service_test_with_mock.go:72.2,72.51 1 0
github.com/bmorphism/vibespace-mcp-go/streaming/service_test_with_mock.go:72.51,99.3 8 0
github.com/bmorphism/vibespace-mcp-go/streaming/service_test_with_mock.go:101.2,101.55 1 0
github.com/bmorphism/vibespace-mcp-go/streaming/service_test_with_mock.go:101.55,116.3 7 0
github.com/bmorphism/vibespace-mcp-go/streaming/service_test_with_mock.go:118.2,118.50 1 0
github.com/bmorphism/vibespace-mcp-go/streaming/service_test_with_mock.go:118.50,137.3 7 0
github.com/bmorphism/vibespace-mcp-go/streaming/service_test_with_mock.go:139.2,139.75 1 0
github.com/bmorphism/vibespace-mcp-go/streaming/service_test_with_mock.go:139.75,162.3 9 0
github.com/bmorphism/vibespace-mcp-go/streaming/service_test_with_mock.go:164.2,164.64 1 0
github.com/bmorphism/vibespace-mcp-go/streaming/service_test_with_mock.go:164.64,178.3 6 0
github.com/bmorphism/vibespace-mcp-go/streaming/service_test_with_mock.go:180.2,180.60 1 0
github.com/bmorphism/vibespace-mcp-go/streaming/service_test_with_mock.go:180.60,196.3 6 0
github.com/bmorphism/vibespace-mcp-go/streaming/service_test_with_mock.go:198.2,198.67 1 0
github.com/bmorphism/vibespace-mcp-go/streaming/service_test_with_mock.go:198.67,215.3 9 0
github.com/bmorphism/vibespace-mcp-go/streaming/service_test_with_mock.go:217.2,217.72 1 0
github.com/bmorphism/vibespace-mcp-go/streaming/service_test_with_mock.go:217.72,232.3 7 0
github.com/bmorphism/vibespace-mcp-go/streaming/service_test_with_mock.go:234.2,234.67 1 0
github.com/bmorphism/vibespace-mcp-go/streaming/service_test_with_mock.go:234.67,247.3 7 0
github.com/bmorphism/vibespace-mcp-go/streaming/service_test_with_mock.go:249.2,249.72 1 0
github.com/bmorphism/vibespace-mcp-go/streaming/service_test_with_mock.go:249.72,269.3 10 0
github.com/bmorphism/vibespace-mcp-go/streaming/service_test_with_mock.go:271.2,271.67 1 0
github.com/bmorphism/vibespace-mcp-go/streaming/service_test_with_mock.go:271.67,288.3 9 0
github.com/bmorphism/vibespace-mcp-go/streaming/ternary_utils.go:12.82,13.18 1 0
github.com/bmorphism/vibespace-mcp-go/streaming/ternary_utils.go:14.29,15.19 1 0
github.com/bmorphism/vibespace-mcp-go/streaming/ternary_utils.go:16.29,19.22 3 0
github.com/bmorphism/vibespace-mcp-go/streaming/ternary_utils.go:20.26,23.22 3 0
github.com/bmorphism/vibespace-mcp-go/streaming/ternary_utils.go:24.10,25.70 1 0
github.com/bmorphism/vibespace-mcp-go/streaming/ternary_utils.go:30.82,31.18 1 0
github.com/bmorphism/vibespace-mcp-go/streaming/ternary_utils.go:32.29,33.19 1 0
github.com/bmorphism/vibespace-mcp-go/streaming/ternary_utils.go:34.29,37.17 3 0
github.com/bmorphism/vibespace-mcp-go/streaming/ternary_utils.go:37.17,39.4 1 0
github.com/bmorphism/vibespace-mcp-go/streaming/ternary_utils.go:40.3,40.26 1 0
github.com/bmorphism/vibespace-mcp-go/streaming/ternary_utils.go:41.26,44.17 3 0
github.com/bmorphism/vibespace-mcp-go/streaming/ternary_utils.go:44.17,46.4 1 0
github.com/bmorphism/vibespace-mcp-go/streaming/ternary_utils.go:47.3,47.26 1 0
github.com/bmorphism/vibespace-mcp-go/streaming/ternary_utils.go:48.10,49.70 1 0
github.com/bmorphism/vibespace-mcp-go/streaming/ternary_utils.go:55.64,56.23 1 0
github.com/bmorphism/vibespace-mcp-go/streaming/ternary_utils.go:56.23,58.3 1 0
github.com/bmorphism/vibespace-mcp-go/streaming/ternary_utils.go:62.2,65.36 3 0
github.com/bmorphism/vibespace-mcp-go/streaming/ternary_utils.go:65.36,74.21 4 0
github.com/bmorphism/vibespace-mcp-go/streaming/ternary_utils.go:75.11,76.15 1 0
github.com/bmorphism/vibespace-mcp-go/streaming/ternary_utils.go:77.10,78.15 1 0
github.com/bmorphism/vibespace-mcp-go/streaming/ternary_utils.go:79.10,80.15 1 0
github.com/bmorphism/vibespace-mcp-go/streaming/ternary_utils.go:81.11,82.15 1 0
github.com/bmorphism/vibespace-mcp-go/streaming/ternary_utils.go:87.3,87.45 1 0
github.com/bmorphism/vibespace-mcp-go/streaming/ternary_utils.go:90.2,90.15 1 0
github.com/bmorphism/vibespace-mcp-go/streaming/ternary_utils.go:94.76,95.38 1 0
github.com/bmorphism/vibespace-mcp-go/streaming/ternary_utils.go:95.38,97.3 1 0
github.com/bmorphism/vibespace-mcp-go/streaming/ternary_utils.go:99.2,101.52 2 0
github.com/bmorphism/vibespace-mcp-go/streaming/ternary_utils.go:101.52,113.15 4 0
github.com/bmorphism/vibespace-mcp-go/streaming/ternary_utils.go:114.13,115.18 1 0
github.com/bmorphism/vibespace-mcp-go/streaming/ternary_utils.go:116.13,117.17 1 0
github.com/bmorphism/vibespace-mcp-go/streaming/ternary_utils.go:118.13,119.17 1 0
github.com/bmorphism/vibespace-mcp-go/streaming/ternary_utils.go:120.11,121.17 1 0
github.com/bmorphism/vibespace-mcp-go/streaming/ternary_utils.go:125.2,125.15 1 0
github.com/bmorphism/vibespace-mcp-go/streaming/ternary_utils.go:129.109,131.16 2 0
github.com/bmorphism/vibespace-mcp-go/streaming/ternary_utils.go:131.16,133.3 1 0
github.com/bmorphism/vibespace-mcp-go/streaming/ternary_utils.go:135.2,139.8 1 0
github.com/bmorphism/vibespace-mcp-go/streaming/test_helper.go:8.59,10.2 1 0
github.com/bmorphism/vibespace-mcp-go/streaming/test_helper.go:13.56,17.2 3 0
github.com/bmorphism/vibespace-mcp-go/streaming/test_helper.go:20.60,25.2 4 0
github.com/bmorphism/vibespace-mcp-go/streaming/test_helper.go:28.63,30.2 1 0
github.com/bmorphism/vibespace-mcp-go/streaming/test_helper.go:33.66,35.2 1 0
github.com/bmorphism/vibespace-mcp-go/streaming/test_helper.go:38.64,40.2 1 0
github.com/bmorphism/vibespace-mcp-go/streaming/test_helper.go:43.57,45.2 1 0
github.com/bmorphism/vibespace-mcp-go/streaming/test_helper.go:48.60,50.2 1 0
github.com/bmorphism/vibespace-mcp-go/streaming/test_helper.go:53.83,55.2 1 0
github.com/bmorphism/vibespace-mcp-go/streaming/test_helper.go:58.68,60.2 1 0
github.com/bmorphism/vibespace-mcp-go/streaming/tools.go:17.67,21.2 1 0
github.com/bmorphism/vibespace-mcp-go/streaming/tools.go:35.102,37.22 1 0
github.com/bmorphism/vibespace-mcp-go/streaming/tools.go:37.22,39.3 1 0
github.com/bmorphism/vibespace-mcp-go/streaming/tools.go:42.2,43.16 2 0
github.com/bmorphism/vibespace-mcp-go/streaming/tools.go:43.16,48.3 1 0
github.com/bmorphism/vibespace-mcp-go/streaming/tools.go:50.2,53.8 1 0
github.com/bmorphism/vibespace-mcp-go/streaming/tools.go:63.74,70.2 2 0
github.com/bmorphism/vibespace-mcp-go/streaming/tools.go:88.60,98.17 7 0
github.com/bmorphism/vibespace-mcp-go/streaming/tools.go:98.17,100.3 1 0
github.com/bmorphism/vibespace-mcp-go/streaming/tools.go:102.2,114.17 3 0
github.com/bmorphism/vibespace-mcp-go/streaming/tools.go:114.17,117.3 2 0
github.com/bmorphism/vibespace-mcp-go/streaming/tools.go:117.8,117.24 1 0
github.com/bmorphism/vibespace-mcp-go/streaming/tools.go:117.24,120.3 2 0
github.com/bmorphism/vibespace-mcp-go/streaming/tools.go:120.8,123.3 2 0
github.com/bmorphism/vibespace-mcp-go/streaming/tools.go:126.2,126.17 1 0
github.com/bmorphism/vibespace-mcp-go/streaming/tools.go:126.17,128.33 1 0
github.com/bmorphism/vibespace-mcp-go/streaming/tools.go:128.33,131.75 2 0
github.com/bmorphism/vibespace-mcp-go/streaming/tools.go:131.75,133.5 1 0
github.com/bmorphism/vibespace-mcp-go/streaming/tools.go:133.10,135.39 1 0
github.com/bmorphism/vibespace-mcp-go/streaming/tools.go:135.39,137.5 1 0
github.com/bmorphism/vibespace-mcp-go/streaming/tools.go:137.10,139.5 1 0
github.com/bmorphism/vibespace-mcp-go/streaming/tools.go:140.9,142.50 1 0
github.com/bmorphism/vibespace-mcp-go/streaming/tools.go:142.50,144.5 1 0
github.com/bmorphism/vibespace-mcp-go/streaming/tools.go:144.10,144.53 1 0
github.com/bmorphism/vibespace-mcp-go/streaming/tools.go:144.53,146.5 1 0
github.com/bmorphism/vibespace-mcp-go/streaming/tools.go:146.10,148.5 1 0
github.com/bmorphism/vibespace-mcp-go/streaming/tools.go:150.8,152.3 1 0
github.com/bmorphism/vibespace-mcp-go/streaming/tools.go:154.2,154.22 1 0
github.com/bmorphism/vibespace-mcp-go/streaming/tools.go:178.93,179.23 1 0
github.com/bmorphism/vibespace-mcp-go/streaming/tools.go:179.23,184.3 1 0
github.com/bmorphism/vibespace-mcp-go/streaming/tools.go:187.2,187.22 1 0
github.com/bmorphism/vibespace-mcp-go/streaming/tools.go:187.22,192.3 1 0
github.com/bmorphism/vibespace-mcp-go/streaming/tools.go:195.2,195.24 1 0
github.com/bmorphism/vibespace-mcp-go/streaming/tools.go:195.24,198.17 2 0
github.com/bmorphism/vibespace-mcp-go/streaming/tools.go:198.17,203.4 1 0
github.com/bmorphism/vibespace-mcp-go/streaming/tools.go:206.3,215.37 3 0
github.com/bmorphism/vibespace-mcp-go/streaming/tools.go:215.37,217.4 1 0
github.com/bmorphism/vibespace-mcp-go/streaming/tools.go:217.9,220.4 1 0
github.com/bmorphism/vibespace-mcp-go/streaming/tools.go:223.3,224.41 2 0
github.com/bmorphism/vibespace-mcp-go/streaming/tools.go:224.41,225.28 1 0
github.com/bmorphism/vibespace-mcp-go/streaming/tools.go:225.28,227.10 2 0
github.com/bmorphism/vibespace-mcp-go/streaming/tools.go:231.3,231.18 1 0
github.com/bmorphism/vibespace-mcp-go/streaming/tools.go:231.18,233.4 1 0
github.com/bmorphism/vibespace-mcp-go/streaming/tools.go:236.3,236.85 1 0
github.com/bmorphism/vibespace-mcp-go/streaming/tools.go:236.85,241.4 1 0
github.com/bmorphism/vibespace-mcp-go/streaming/tools.go:243.3,246.9 1 0
github.com/bmorphism/vibespace-mcp-go/streaming/tools.go:250.2,251.16 2 0
github.com/bmorphism/vibespace-mcp-go/streaming/tools.go:251.16,256.3 1 0
github.com/bmorphism/vibespace-mcp-go/streaming/tools.go:258.2,261.8 1 0
github.com/bmorphism/vibespace-mcp-go/streaming/tools.go:280.96,286.23 3 0
github.com/bmorphism/vibespace-mcp-go/streaming/tools.go:286.23,289.3 2 0
github.com/bmorphism/vibespace-mcp-go/streaming/tools.go:289.8,291.25 1 0
github.com/bmorphism/vibespace-mcp-go/streaming/tools.go:291.25,294.4 2 0
github.com/bmorphism/vibespace-mcp-go/streaming/tools.go:296.3,296.23 1 0
github.com/bmorphism/vibespace-mcp-go/streaming/tools.go:296.23,299.4 2 0
github.com/bmorphism/vibespace-mcp-go/streaming/tools.go:302.3,302.20 1 0
github.com/bmorphism/vibespace-mcp-go/streaming/tools.go:302.20,306.4 1 0
github.com/bmorphism/vibespace-mcp-go/streaming/tools.go:310.2,311.24 2 0
github.com/bmorphism/vibespace-mcp-go/streaming/tools.go:311.24,314.3 2 0
github.com/bmorphism/vibespace-mcp-go/streaming/tools.go:317.2,317.38 1 0
github.com/bmorphism/vibespace-mcp-go/streaming/tools.go:317.38,319.19 1 0
github.com/bmorphism/vibespace-mcp-go/streaming/tools.go:319.19,321.4 1 0
github.com/bmorphism/vibespace-mcp-go/streaming/tools.go:324.3,333.17 4 0
github.com/bmorphism/vibespace-mcp-go/streaming/tools.go:333.17,338.4 1 0
github.com/bmorphism/vibespace-mcp-go/streaming/tools.go:340.3,340.19 1 0
github.com/bmorphism/vibespace-mcp-go/streaming/tools.go:340.19,341.53 1 0
github.com/bmorphism/vibespace-mcp-go/streaming/tools.go:341.53,346.5 1 0
github.com/bmorphism/vibespace-mcp-go/streaming/tools.go:351.2,351.28 1 0
github.com/bmorphism/vibespace-mcp-go/streaming/tools.go:351.28,353.3 1 0
github.com/bmorphism/vibespace-mcp-go/streaming/tools.go:355.2,360.8 1 0
github.com/bmorphism/vibespace-mcp-go/streaming/tools.go:364.55,372.2 1 0
github.com/bmorphism/vibespace-mcp-go/streaming/tools_test_with_mock.go:14.94,51.2 9 0
github.com/bmorphism/vibespace-mcp-go/streaming/tools_test_with_mock.go:53.44,80.2 13 0
github.com/bmorphism/vibespace-mcp-go/streaming/tools_test_with_mock.go:82.43,103.2 12 0
github.com/bmorphism/vibespace-mcp-go/streaming/tools_test_with_mock.go:105.36,137.2 22 0
github.com/bmorphism/vibespace-mcp-go/streaming/tools_test_with_mock.go:139.41,183.2 21 0
github.com/bmorphism/vibespace-mcp-go/streaming/tools_test_with_mock.go:185.42,211.2 13 0
